Date: 06-19-2016
Time: 1:24 PM
Message: Error reading from car wash data file.
Stack trace:    at System.IO.__Error.WinIOError(Int32 errorCode, String maybeFullPath)
   at System.IO.FileStream.Init(String path, FileMode mode, FileAccess access, Int32 rights, Boolean useRights, FileShare share, Int32 bufferSize, FileOptions options, SECURITY_ATTRIBUTES secAttrs, String msgPath, Boolean bFromProxy, Boolean useLongPath, Boolean checkHost)
   at System.IO.FileStream..ctor(String path, FileMode mode, FileAccess access, FileShare share, Int32 bufferSize, FileOptions options, String msgPath, Boolean bFromProxy)
   at System.IO.FileStream..ctor(String path, FileMode mode)
   at NETChristianAnglo.frmCarWash.loadDataPackageItemsFromFile() in C:\Users\Administrator\Google Drive\RRC\BIT\Year 1\Intersession\Programming 2 Intersession\Assignments\Assignment 6\NETChristianAnglo\NETChristianAnglo\frmCarWash.cs:line 247
   at NETChristianAnglo.frmCarWash..ctor() in C:\Users\Administrator\Google Drive\RRC\BIT\Year 1\Intersession\Programming 2 Intersession\Assignments\Assignment 6\NETChristianAnglo\NETChristianAnglo\frmCarWash.cs:line 92
------------------------------------------
Date: 06-19-2016
Time: 1:25 PM
Message: Error reading from car wash data file.
Stack trace:    at System.IO.__Error.WinIOError(Int32 errorCode, String maybeFullPath)
   at System.IO.FileStream.Init(String path, FileMode mode, FileAccess access, Int32 rights, Boolean useRights, FileShare share, Int32 bufferSize, FileOptions options, SECURITY_ATTRIBUTES secAttrs, String msgPath, Boolean bFromProxy, Boolean useLongPath, Boolean checkHost)
   at System.IO.FileStream..ctor(String path, FileMode mode, FileAccess access, FileShare share, Int32 bufferSize, FileOptions options, String msgPath, Boolean bFromProxy)
   at System.IO.FileStream..ctor(String path, FileMode mode)
   at NETChristianAnglo.frmCarWash.loadDataFragranceItemsFromFile() in C:\Users\Administrator\Google Drive\RRC\BIT\Year 1\Intersession\Programming 2 Intersession\Assignments\Assignment 6\NETChristianAnglo\NETChristianAnglo\frmCarWash.cs:line 293
   at NETChristianAnglo.frmCarWash..ctor() in C:\Users\Administrator\Google Drive\RRC\BIT\Year 1\Intersession\Programming 2 Intersession\Assignments\Assignment 6\NETChristianAnglo\NETChristianAnglo\frmCarWash.cs:line 93
------------------------------------------
Date: 06-19-2016
Time: 1:25 PM
Message: Error reading from car wash data file.
Stack trace:    at System.IO.__Error.WinIOError(Int32 errorCode, String maybeFullPath)
   at System.IO.FileStream.Init(String path, FileMode mode, FileAccess access, Int32 rights, Boolean useRights, FileShare share, Int32 bufferSize, FileOptions options, SECURITY_ATTRIBUTES secAttrs, String msgPath, Boolean bFromProxy, Boolean useLongPath, Boolean checkHost)
   at System.IO.FileStream..ctor(String path, FileMode mode, FileAccess access, FileShare share, Int32 bufferSize, FileOptions options, String msgPath, Boolean bFromProxy)
   at System.IO.FileStream..ctor(String path, FileMode mode)
   at NETChristianAnglo.frmCarWash.LoadInteriorOptionsFromFile() in C:\Users\Administrator\Google Drive\RRC\BIT\Year 1\Intersession\Programming 2 Intersession\Assignments\Assignment 6\NETChristianAnglo\NETChristianAnglo\frmCarWash.cs:line 338
   at NETChristianAnglo.frmCarWash..ctor() in C:\Users\Administrator\Google Drive\RRC\BIT\Year 1\Intersession\Programming 2 Intersession\Assignments\Assignment 6\NETChristianAnglo\NETChristianAnglo\frmCarWash.cs:line 94
------------------------------------------
Date: 06-19-2016
Time: 1:25 PM
Message: Error reading from car wash data file.
Stack trace:    at System.IO.__Error.WinIOError(Int32 errorCode, String maybeFullPath)
   at System.IO.FileStream.Init(String path, FileMode mode, FileAccess access, Int32 rights, Boolean useRights, FileShare share, Int32 bufferSize, FileOptions options, SECURITY_ATTRIBUTES secAttrs, String msgPath, Boolean bFromProxy, Boolean useLongPath, Boolean checkHost)
   at System.IO.FileStream..ctor(String path, FileMode mode, FileAccess access, FileShare share, Int32 bufferSize, FileOptions options, String msgPath, Boolean bFromProxy)
   at System.IO.FileStream..ctor(String path, FileMode mode)
   at NETChristianAnglo.frmCarWash.loadExteriorOptionsFromFile() in C:\Users\Administrator\Google Drive\RRC\BIT\Year 1\Intersession\Programming 2 Intersession\Assignments\Assignment 6\NETChristianAnglo\NETChristianAnglo\frmCarWash.cs:line 381
   at NETChristianAnglo.frmCarWash..ctor() in C:\Users\Administrator\Google Drive\RRC\BIT\Year 1\Intersession\Programming 2 Intersession\Assignments\Assignment 6\NETChristianAnglo\NETChristianAnglo\frmCarWash.cs:line 95
------------------------------------------
